<?xml version="1.0" encoding="UTF-8"?>
<coverage generated="1716804731831" clover="3.2.0">
  <project timestamp="1716804731831" name="All files">
    <metrics statements="25" coveredstatements="25" conditionals="13" coveredconditionals="13" methods="3" coveredmethods="3" elements="41" coveredelements="41" complexity="0" loc="25" ncloc="25" packages="1" files="1" classes="1"/>
    <file name="api-1.js" path="C:\Mission Ready\Level 5\Missions\Mission 2\api\api-1.js">
      <metrics statements="25" coveredstatements="25" conditionals="13" coveredconditionals="13" methods="3" coveredmethods="3"/>
      <line num="1" count="1" type="stmt"/>
      <line num="2" count="1" type="stmt"/>
      <line num="3" count="1" type="stmt"/>
      <line num="5" count="1" type="stmt"/>
      <line num="6" count="19" type="stmt"/>
      <line num="7" count="19" type="stmt"/>
      <line num="8" count="19" type="stmt"/>
      <line num="9" count="19" type="stmt"/>
      <line num="11" count="19" type="cond" truecount="5" falsecount="0"/>
      <line num="13" count="3" type="stmt"/>
      <line num="14" count="3" type="stmt"/>
      <line num="16" count="1" type="stmt"/>
      <line num="19" count="1" type="stmt"/>
      <line num="21" count="1" type="stmt"/>
      <line num="24" count="1" type="stmt"/>
      <line num="26" count="4" type="stmt"/>
      <line num="30" count="4" type="stmt"/>
      <line num="32" count="10" type="stmt"/>
      <line num="33" count="61" type="stmt"/>
      <line num="35" count="10" type="stmt"/>
      <line num="36" count="61" type="stmt"/>
      <line num="37" count="61" type="cond" truecount="4" falsecount="0"/>
      <line num="40" count="10" type="stmt"/>
      <line num="42" count="10" type="stmt"/>
      <line num="46" count="1" type="stmt"/>
    </file>
  </project>
</coverage>
