{"C:\\Mission Ready\\Level 5\\Missions\\Mission 2\\api\\app.js": {"path":"C:\\Mission Ready\\Level 5\\Missions\\Mission 2\\api\\app.js","statementMap":{"0":{"start":{"line":1,"column":16},"end":{"line":1,"column":34}},"1":{"start":{"line":2,"column":13},"end":{"line":2,"column":28}},"2":{"start":{"line":3,"column":12},"end":{"line":3,"column":21}},"3":{"start":{"line":4,"column":23},"end":{"line":4,"column":57}},"4":{"start":{"line":19,"column":0},"end":{"line":19,"column":24}},"5":{"start":{"line":21,"column":0},"end":{"line":21,"column":16}},"6":{"start":{"line":23,"column":0},"end":{"line":23,"column":32}},"7":{"start":{"line":25,"column":0},"end":{"line":25,"column":21}}},"fnMap":{},"branchMap":{},"s":{"0":1,"1":1,"2":1,"3":1,"4":1,"5":1,"6":1,"7":1},"f":{},"b":{},"_coverageSchema":"1a1c01bbd47fc00a2c39e90264f33305004495a9","hash":"83e511ed28127386eaf86da9271f918c2b667657"}
,"C:\\Mission Ready\\Level 5\\Missions\\Mission 2\\api\\controllers\\carValueController.js": {"path":"C:\\Mission Ready\\Level 5\\Missions\\Mission 2\\api\\controllers\\carValueController.js","statementMap":{"0":{"start":{"line":1,"column":22},"end":{"line":1,"column":56}},"1":{"start":{"line":3,"column":0},"end":{"line":36,"column":2}},"2":{"start":{"line":4,"column":26},"end":{"line":4,"column":34}},"3":{"start":{"line":5,"column":22},"end":{"line":5,"column":46}},"4":{"start":{"line":6,"column":23},"end":{"line":6,"column":27}},"5":{"start":{"line":7,"column":16},"end":{"line":7,"column":23}},"6":{"start":{"line":10,"column":2},"end":{"line":31,"column":3}},"7":{"start":{"line":12,"column":6},"end":{"line":12,"column":72}},"8":{"start":{"line":13,"column":6},"end":{"line":13,"column":12}},"9":{"start":{"line":15,"column":6},"end":{"line":17,"column":9}},"10":{"start":{"line":18,"column":6},"end":{"line":18,"column":12}},"11":{"start":{"line":21,"column":6},"end":{"line":23,"column":77}},"12":{"start":{"line":24,"column":6},"end":{"line":24,"column":12}},"13":{"start":{"line":26,"column":6},"end":{"line":29,"column":9}},"14":{"start":{"line":30,"column":6},"end":{"line":30,"column":12}},"15":{"start":{"line":34,"column":19},"end":{"line":34,"column":60}},"16":{"start":{"line":35,"column":2},"end":{"line":35,"column":32}}},"fnMap":{"0":{"name":"(anonymous_0)","decl":{"start":{"line":3,"column":28},"end":{"line":3,"column":29}},"loc":{"start":{"line":3,"column":42},"end":{"line":36,"column":1}},"line":3}},"branchMap":{"0":{"loc":{"start":{"line":10,"column":2},"end":{"line":31,"column":3}},"type":"switch","locations":[{"start":{"line":11,"column":4},"end":{"line":13,"column":12}},{"start":{"line":14,"column":4},"end":{"line":18,"column":12}},{"start":{"line":19,"column":4},"end":{"line":24,"column":12}},{"start":{"line":25,"column":4},"end":{"line":30,"column":12}}],"line":10},"1":{"loc":{"start":{"line":11,"column":9},"end":{"line":11,"column":36}},"type":"binary-expr","locations":[{"start":{"line":11,"column":9},"end":{"line":11,"column":21}},{"start":{"line":11,"column":25},"end":{"line":11,"column":36}}],"line":11},"2":{"loc":{"start":{"line":25,"column":9},"end":{"line":25,"column":50}},"type":"binary-expr","locations":[{"start":{"line":25,"column":9},"end":{"line":25,"column":28}},{"start":{"line":25,"column":32},"end":{"line":25,"column":50}}],"line":25}},"s":{"0":1,"1":1,"2":13,"3":13,"4":13,"5":13,"6":13,"7":2,"8":2,"9":2,"10":2,"11":1,"12":1,"13":3,"14":3,"15":13,"16":13},"f":{"0":13},"b":{"0":[2,2,1,3],"1":[13,12],"2":[8,6]},"_coverageSchema":"1a1c01bbd47fc00a2c39e90264f33305004495a9","hash":"3f489a5cd714f7db89f09453d36273a2b37295fa"}
,"C:\\Mission Ready\\Level 5\\Missions\\Mission 2\\api\\models\\carValueModel.js": {"path":"C:\\Mission Ready\\Level 5\\Missions\\Mission 2\\api\\models\\carValueModel.js","statementMap":{"0":{"start":{"line":2,"column":23},"end":{"line":2,"column":74}},"1":{"start":{"line":2,"column":35},"end":{"line":2,"column":74}},"2":{"start":{"line":6,"column":0},"end":{"line":13,"column":2}},"3":{"start":{"line":7,"column":21},"end":{"line":10,"column":7}},"4":{"start":{"line":8,"column":24},"end":{"line":8,"column":46}},"5":{"start":{"line":9,"column":4},"end":{"line":9,"column":75}},"6":{"start":{"line":12,"column":2},"end":{"line":12,"column":33}}},"fnMap":{"0":{"name":"(anonymous_0)","decl":{"start":{"line":2,"column":23},"end":{"line":2,"column":24}},"loc":{"start":{"line":2,"column":35},"end":{"line":2,"column":74}},"line":2},"1":{"name":"(anonymous_1)","decl":{"start":{"line":6,"column":25},"end":{"line":6,"column":26}},"loc":{"start":{"line":6,"column":42},"end":{"line":13,"column":1}},"line":6},"2":{"name":"(anonymous_2)","decl":{"start":{"line":7,"column":44},"end":{"line":7,"column":45}},"loc":{"start":{"line":7,"column":61},"end":{"line":10,"column":3}},"line":7}},"branchMap":{"0":{"loc":{"start":{"line":9,"column":11},"end":{"line":9,"column":74}},"type":"cond-expr","locations":[{"start":{"line":9,"column":51},"end":{"line":9,"column":68}},{"start":{"line":9,"column":71},"end":{"line":9,"column":74}}],"line":9},"1":{"loc":{"start":{"line":9,"column":11},"end":{"line":9,"column":48}},"type":"binary-expr","locations":[{"start":{"line":9,"column":11},"end":{"line":9,"column":27}},{"start":{"line":9,"column":31},"end":{"line":9,"column":48}}],"line":9}},"s":{"0":1,"1":79,"2":1,"3":13,"4":79,"5":79,"6":13},"f":{"0":79,"1":13,"2":79},"b":{"0":[68,11],"1":[79,68]},"_coverageSchema":"1a1c01bbd47fc00a2c39e90264f33305004495a9","hash":"cdbf69472cf6d8be6fb44019e826b611fc120a0d"}
,"C:\\Mission Ready\\Level 5\\Missions\\Mission 2\\api\\routes\\carValueRoutes.js": {"path":"C:\\Mission Ready\\Level 5\\Missions\\Mission 2\\api\\routes\\carValueRoutes.js","statementMap":{"0":{"start":{"line":1,"column":16},"end":{"line":1,"column":34}},"1":{"start":{"line":2,"column":15},"end":{"line":2,"column":31}},"2":{"start":{"line":3,"column":27},"end":{"line":3,"column":74}},"3":{"start":{"line":6,"column":0},"end":{"line":6,"column":64}},"4":{"start":{"line":8,"column":0},"end":{"line":8,"column":24}}},"fnMap":{},"branchMap":{},"s":{"0":1,"1":1,"2":1,"3":1,"4":1},"f":{},"b":{},"_coverageSchema":"1a1c01bbd47fc00a2c39e90264f33305004495a9","hash":"de6f739eea4b489c5653848b479ef74554e7b78b"}
}
