{"C:\\Mission Ready\\Level 5\\Missions\\Mission 2\\api\\api-1.js": {"path":"C:\\Mission Ready\\Level 5\\Missions\\Mission 2\\api\\api-1.js","statementMap":{"0":{"start":{"line":1,"column":16},"end":{"line":1,"column":34}},"1":{"start":{"line":2,"column":12},"end":{"line":2,"column":21}},"2":{"start":{"line":3,"column":0},"end":{"line":3,"column":24}},"3":{"start":{"line":5,"column":0},"end":{"line":44,"column":3}},"4":{"start":{"line":6,"column":26},"end":{"line":6,"column":34}},"5":{"start":{"line":7,"column":22},"end":{"line":7,"column":46}},"6":{"start":{"line":8,"column":23},"end":{"line":8,"column":27}},"7":{"start":{"line":9,"column":16},"end":{"line":9,"column":23}},"8":{"start":{"line":11,"column":2},"end":{"line":43,"column":3}},"9":{"start":{"line":13,"column":6},"end":{"line":13,"column":72}},"10":{"start":{"line":14,"column":6},"end":{"line":14,"column":12}},"11":{"start":{"line":16,"column":6},"end":{"line":18,"column":9}},"12":{"start":{"line":19,"column":6},"end":{"line":19,"column":12}},"13":{"start":{"line":21,"column":6},"end":{"line":23,"column":77}},"14":{"start":{"line":24,"column":6},"end":{"line":24,"column":12}},"15":{"start":{"line":26,"column":6},"end":{"line":29,"column":9}},"16":{"start":{"line":30,"column":6},"end":{"line":30,"column":12}},"17":{"start":{"line":32,"column":29},"end":{"line":33,"column":47}},"18":{"start":{"line":33,"column":8},"end":{"line":33,"column":47}},"19":{"start":{"line":35,"column":25},"end":{"line":38,"column":11}},"20":{"start":{"line":36,"column":28},"end":{"line":36,"column":50}},"21":{"start":{"line":37,"column":8},"end":{"line":37,"column":79}},"22":{"start":{"line":40,"column":23},"end":{"line":40,"column":46}},"23":{"start":{"line":42,"column":6},"end":{"line":42,"column":36}},"24":{"start":{"line":46,"column":0},"end":{"line":46,"column":21}}},"fnMap":{"0":{"name":"(anonymous_0)","decl":{"start":{"line":5,"column":23},"end":{"line":5,"column":24}},"loc":{"start":{"line":5,"column":37},"end":{"line":44,"column":1}},"line":5},"1":{"name":"(anonymous_1)","decl":{"start":{"line":32,"column":29},"end":{"line":32,"column":30}},"loc":{"start":{"line":33,"column":8},"end":{"line":33,"column":47}},"line":33},"2":{"name":"(anonymous_2)","decl":{"start":{"line":35,"column":48},"end":{"line":35,"column":49}},"loc":{"start":{"line":35,"column":65},"end":{"line":38,"column":7}},"line":35}},"branchMap":{"0":{"loc":{"start":{"line":11,"column":2},"end":{"line":43,"column":3}},"type":"switch","locations":[{"start":{"line":12,"column":4},"end":{"line":14,"column":12}},{"start":{"line":15,"column":4},"end":{"line":19,"column":12}},{"start":{"line":20,"column":4},"end":{"line":24,"column":12}},{"start":{"line":25,"column":4},"end":{"line":30,"column":12}},{"start":{"line":31,"column":4},"end":{"line":42,"column":36}}],"line":11},"1":{"loc":{"start":{"line":12,"column":9},"end":{"line":12,"column":36}},"type":"binary-expr","locations":[{"start":{"line":12,"column":9},"end":{"line":12,"column":21}},{"start":{"line":12,"column":25},"end":{"line":12,"column":36}}],"line":12},"2":{"loc":{"start":{"line":25,"column":9},"end":{"line":25,"column":50}},"type":"binary-expr","locations":[{"start":{"line":25,"column":9},"end":{"line":25,"column":28}},{"start":{"line":25,"column":32},"end":{"line":25,"column":50}}],"line":25},"3":{"loc":{"start":{"line":37,"column":15},"end":{"line":37,"column":78}},"type":"cond-expr","locations":[{"start":{"line":37,"column":55},"end":{"line":37,"column":72}},{"start":{"line":37,"column":75},"end":{"line":37,"column":78}}],"line":37},"4":{"loc":{"start":{"line":37,"column":15},"end":{"line":37,"column":52}},"type":"binary-expr","locations":[{"start":{"line":37,"column":15},"end":{"line":37,"column":31}},{"start":{"line":37,"column":35},"end":{"line":37,"column":52}}],"line":37}},"s":{"0":1,"1":1,"2":1,"3":1,"4":19,"5":19,"6":19,"7":19,"8":19,"9":3,"10":3,"11":1,"12":1,"13":1,"14":1,"15":4,"16":4,"17":10,"18":61,"19":10,"20":61,"21":61,"22":10,"23":10,"24":1},"f":{"0":19,"1":61,"2":61},"b":{"0":[3,1,1,4,10],"1":[19,17],"2":[14,11],"3":[53,8],"4":[61,53]},"_coverageSchema":"1a1c01bbd47fc00a2c39e90264f33305004495a9","hash":"a08f8c79b6e79c74e2a1afe1f244d6f43b32a48b"}
}
