TN:
SF:api-1.js
FN:5,(anonymous_0)
FN:32,(anonymous_1)
FN:35,(anonymous_2)
FNF:3
FNH:3
FNDA:19,(anonymous_0)
FNDA:61,(anonymous_1)
FNDA:61,(anonymous_2)
DA:1,1
DA:2,1
DA:3,1
DA:5,1
DA:6,19
DA:7,19
DA:8,19
DA:9,19
DA:11,19
DA:13,3
DA:14,3
DA:16,1
DA:19,1
DA:21,1
DA:24,1
DA:26,4
DA:30,4
DA:32,10
DA:33,61
DA:35,10
DA:36,61
DA:37,61
DA:40,10
DA:42,10
DA:46,1
LF:25
LH:25
BRDA:11,0,0,3
BRDA:11,0,1,1
BRDA:11,0,2,1
BRDA:11,0,3,4
BRDA:11,0,4,10
BRDA:12,1,0,19
BRDA:12,1,1,17
BRDA:25,2,0,14
BRDA:25,2,1,11
BRDA:37,3,0,53
BRDA:37,3,1,8
BRDA:37,4,0,61
BRDA:37,4,1,53
BRF:13
BRH:13
end_of_record
