TN:
SF:app.js
FNF:0
FNH:0
DA:1,1
DA:2,1
DA:3,1
DA:4,1
DA:19,1
DA:21,1
DA:23,1
DA:25,1
LF:8
LH:8
BRF:0
BRH:0
end_of_record
TN:
SF:controllers\carValueController.js
FN:3,(anonymous_0)
FNF:1
FNH:1
FNDA:19,(anonymous_0)
DA:1,1
DA:3,1
DA:4,19
DA:5,19
DA:6,19
DA:7,19
DA:9,19
DA:11,3
DA:12,3
DA:14,1
DA:17,1
DA:20,1
DA:23,1
DA:25,4
DA:29,4
DA:31,10
DA:32,10
LF:17
LH:17
BRDA:9,0,0,3
BRDA:9,0,1,1
BRDA:9,0,2,1
BRDA:9,0,3,4
BRDA:9,0,4,10
BRDA:10,1,0,19
BRDA:10,1,1,17
BRDA:24,2,0,14
BRDA:24,2,1,11
BRF:9
BRH:9
end_of_record
TN:
SF:models\carValueModel.js
FN:2,(anonymous_0)
FN:6,(anonymous_1)
FN:7,(anonymous_2)
FNF:3
FNH:3
FNDA:61,(anonymous_0)
FNDA:10,(anonymous_1)
FNDA:61,(anonymous_2)
DA:2,61
DA:6,1
DA:7,10
DA:8,61
DA:9,61
DA:12,10
LF:6
LH:6
BRDA:9,0,0,53
BRDA:9,0,1,8
BRDA:9,1,0,61
BRDA:9,1,1,53
BRF:4
BRH:4
end_of_record
TN:
SF:routes\carValueRoutes.js
FNF:0
FNH:0
DA:1,1
DA:2,1
DA:3,1
DA:6,1
DA:8,1
LF:5
LH:5
BRF:0
BRH:0
end_of_record
